<?xml version="1.0"?>
<testsuites name="TODO SET" time="TODO SET" tests="7" failures="0" errors="0"><testsuite id="0" name="Url" hostname="TODO: Set Hostname" package="Url" tests="7" failures="0" errors="0"><testcase classname="Url.Drupal\system\Tests\Routing\UrlIntegrationTest" name="impletest_script_run_one_test" status="pass" assertions="1"><system-out><![CDATA[]]></system-out></testcase><testcase classname="Url.Drupal\system\Tests\Routing\UrlIntegrationTest" name="testAccess" status="pass" assertions="6"><system-out><![CDATA[]]></system-out></testcase></testsuite></testsuites>
