<?xml version="1.0"?>
<testsuites name="TODO SET" time="TODO SET" tests="244" failures="0" errors="0"><testsuite id="0" name="Blog" hostname="TODO: Set Hostname" package="Blog" tests="244" failures="0" errors="0"><testcase classname="Blog.BlogTestCase" name="setUp" status="pass" assertions="30"><system-out><![CDATA[]]></system-out></testcase><testcase classname="Blog.BlogTestCase" name="testUnprivilegedUser" status="pass" assertions="10"><system-out><![CDATA[]]></system-out></testcase><testcase classname="Blog.BlogTestCase" name="testBlogPageNoEntries" status="pass" assertions="10"><system-out><![CDATA[]]></system-out></testcase><testcase classname="Blog.BlogTestCase" name="testBlog" status="pass" assertions="26"><system-out><![CDATA[]]></system-out></testcase><testcase classname="Blog.BlogTestCase" name="doBasicTests" status="pass" assertions="22"><system-out><![CDATA[]]></system-out></testcase><testcase classname="Blog.BlogTestCase" name="verifyBlogs" status="pass" assertions="100"><system-out><![CDATA[]]></system-out></testcase><testcase classname="Blog.BlogTestCase" name="verifyBlogLinks" status="pass" assertions="46"><system-out><![CDATA[]]></system-out></testcase></testsuite></testsuites>
